Resource Usage Report for my_mss 

Mapping to part: m2s010tq144std
Cell usage:
CCC             1 use
CLKINT          3 uses
MSS_010         1 use
RCOSC_25_50MHZ  1 use
RCOSC_25_50MHZ_FAB  1 use
SYSRESET        1 use
CFG2           2 uses
CFG3           3 uses
CFG4           2 uses


Sequential Cells: 
SLE            29 uses

DSP Blocks:    0 of 22 (0%)

I/O ports: 89
I/O primitives: 88
INBUF          35 uses
OUTBUF         53 uses


Global Clock Buffers: 3 of 8 (37%)


Total LUTs:    7

Extra resources required for RAM and MACC interface logic during P&R:

RAM64x18 Interface Logic : SLEs = 0; LUTs = 0;
RAM1K18  Interface Logic : SLEs = 0; LUTs = 0;
MACC     Interface Logic : SLEs = 0; LUTs = 0;

Total number of SLEs after P&R:  29 + 0 + 0 + 0 = 29;
Total number of LUTs after P&R:  7 + 0 + 0 + 0 = 7;

